d:\networking exam\iloveopengl\x64\release\vc142.pdb
d:\networking exam\iloveopengl\x64\release\cxofactory.obj
d:\networking exam\iloveopengl\x64\release\cweaponphysics.obj
d:\networking exam\iloveopengl\x64\release\cswing.obj
d:\networking exam\iloveopengl\x64\release\cshadermanager.obj
d:\networking exam\iloveopengl\x64\release\cshader.obj
d:\networking exam\iloveopengl\x64\release\cparticleworld.obj
d:\networking exam\iloveopengl\x64\release\cparticleplanecontact.obj
d:\networking exam\iloveopengl\x64\release\cparticleparticlecontact.obj
d:\networking exam\iloveopengl\x64\release\cparticleforceregistry.obj
d:\networking exam\iloveopengl\x64\release\cparticlecontactresolver.obj
d:\networking exam\iloveopengl\x64\release\cparticlecontact.obj
d:\networking exam\iloveopengl\x64\release\cparticleconstraint.obj
d:\networking exam\iloveopengl\x64\release\cparticle.obj
d:\networking exam\iloveopengl\x64\release\cmesh.obj
d:\networking exam\iloveopengl\x64\release\clightmanager.obj
d:\networking exam\iloveopengl\x64\release\clighthelper.obj
d:\networking exam\iloveopengl\x64\release\cgflwkeyboardmodifiers.obj
d:\networking exam\iloveopengl\x64\release\cgamemanager.obj
d:\networking exam\iloveopengl\x64\release\cflycamera.obj
d:\networking exam\iloveopengl\x64\release\themainonlyblackscreen.obj
d:\networking exam\iloveopengl\x64\release\ctexturefrombmp.obj
d:\networking exam\iloveopengl\x64\release\cbasictexturemanager.obj
d:\networking exam\iloveopengl\x64\release\c24bitbmppixel.obj
d:\networking exam\iloveopengl\x64\release\startup.obj
d:\networking exam\iloveopengl\x64\release\shutdown.obj
d:\networking exam\iloveopengl\x64\release\messageencapsule.pb.obj
d:\networking exam\iloveopengl\x64\release\load3dmodels.obj
d:\networking exam\iloveopengl\x64\release\inputhandling.obj
d:\networking exam\iloveopengl\x64\release\globalthings.obj
d:\networking exam\iloveopengl\x64\release\glfw_key_callback.obj
d:\networking exam\iloveopengl\x64\release\glfw_error_callback.obj
d:\networking exam\iloveopengl\x64\release\gameclientreq.pb.obj
d:\networking exam\iloveopengl\x64\release\drawobject_function.obj
d:\networking exam\iloveopengl\x64\release\cwincontextmenu.obj
d:\networking exam\iloveopengl\x64\release\cvaomanager.obj
d:\networking exam\iloveopengl\x64\release\cxoplayer.obj
d:\networking exam\iloveopengl\x64\release\glad.obj
d:\networking exam\iloveopengl\x64\release\themain.obj
d:\networking exam\x64\release\gameclient.exe
d:\networking exam\iloveopengl\x64\release\gameclient.ipdb
d:\networking exam\iloveopengl\x64\release\gameclient.iobj
d:\networking exam\x64\release\gameclient.pdb
d:\networking exam\iloveopengl\x64\release\gameclient.tlog\cl.command.1.tlog
d:\networking exam\iloveopengl\x64\release\gameclient.tlog\cl.read.1.tlog
d:\networking exam\iloveopengl\x64\release\gameclient.tlog\cl.write.1.tlog
d:\networking exam\iloveopengl\x64\release\gameclient.tlog\link.command.1.tlog
d:\networking exam\iloveopengl\x64\release\gameclient.tlog\link.read.1.tlog
d:\networking exam\iloveopengl\x64\release\gameclient.tlog\link.write.1.tlog
